<?xml version="1.0" encoding="UTF-8"?>
<!-- Generated by org.testng.reporters.JUnitXMLReporter -->
<testsuite ignored="0" hostname="DESKTOPMURALI" failures="0" tests="3" name="Add Customer Test" time="5.522" errors="0" timestamp="2023-09-13T14:26:51 IST">
  <testcase classname="com.brainzhive.testcases.AddCustomerTest" name="addCustomer" time="1.829"/>
  <testcase classname="com.brainzhive.testcases.AddCustomerTest" name="addCustomer" time="1.888"/>
  <testcase classname="com.brainzhive.testcases.AddCustomerTest" name="addCustomer" time="1.58"/>
</testsuite> <!-- Add Customer Test -->
