<?xml version="1.0" encoding="UTF-8"?>
<!-- Generated by org.testng.reporters.JUnitXMLReporter -->
<testsuite ignored="0" hostname="DESKTOPMURALI" failures="0" tests="3" name="Add Customer Test" time="6.162" errors="0" timestamp="2023-09-14T19:43:06 IST">
  <testcase classname="com.brainzhive.testcases.AddCustomerTest" name="addCustomer" time="2.734"/>
  <testcase classname="com.brainzhive.testcases.AddCustomerTest" name="addCustomer" time="1.602"/>
  <testcase classname="com.brainzhive.testcases.AddCustomerTest" name="addCustomer" time="1.645"/>
</testsuite> <!-- Add Customer Test -->
