<?xml version="1.0" encoding="UTF-8"?>
<testng-results ignored="0" total="1" passed="1" failed="0" skipped="0">
  <reporter-output>
  </reporter-output>
  <suite started-at="2023-09-14T20:51:16 IST" name="Default suite" finished-at="2023-09-14T20:51:21 IST" duration-ms="5158">
    <groups>
    </groups>
    <test started-at="2023-09-14T20:51:16 IST" name="Default test" finished-at="2023-09-14T20:51:21 IST" duration-ms="5158">
      <class name="com.brainzhive.testcases.OpeningBrowser">
        <test-method signature="openIRCTCTest()[pri:0, instance:com.brainzhive.testcases.OpeningBrowser@6c1a5b54]" started-at="2023-09-14T20:51:16 IST" name="openIRCTCTest" finished-at="2023-09-14T20:51:21 IST" duration-ms="5067" status="PASS">
          <reporter-output>
          </reporter-output>
        </test-method> <!-- openIRCTCTest -->
      </class> <!-- com.brainzhive.testcases.OpeningBrowser -->
    </test> <!-- Default test -->
  </suite> <!-- Default suite -->
</testng-results>
