<?xml version="1.0" encoding="UTF-8"?>
<!-- Generated by org.testng.reporters.JUnitXMLReporter -->
<testsuite ignored="0" hostname="DESKTOPMURALI" failures="0" tests="4" name="Car Name and Price Test" time="0.277" errors="0" timestamp="12 Sep 2023 06:03:49 GMT">
  <testcase classname="testcases.CarNameAndPriceTest" name="carNameAndPrice" time="0.004">
    <skipped/>
  </testcase> <!-- carNameAndPrice -->
  <testcase classname="testcases.CarNameAndPriceTest" name="carNameAndPrice" time="0.042">
    <skipped/>
  </testcase> <!-- carNameAndPrice -->
  <testcase classname="testcases.CarNameAndPriceTest" name="carNameAndPrice" time="0.02">
    <skipped/>
  </testcase> <!-- carNameAndPrice -->
  <testcase classname="testcases.CarNameAndPriceTest" name="carNameAndPrice" time="0.009">
    <skipped/>
  </testcase> <!-- carNameAndPrice -->
</testsuite> <!-- Car Name and Price Test -->
