<?xml version="1.0" encoding="UTF-8"?>
<!-- Generated by org.testng.reporters.JUnitXMLReporter -->
<testsuite ignored="0" hostname="DESKTOPMURALI" failures="0" tests="5" name="Car Name and Price Test" time="87.684" errors="0" timestamp="2023-10-04T16:24:24 IST">
  <testcase classname="testcases.CarNameAndPriceTest" name="carNameAndPrice" time="14.228"/>
  <testcase classname="testcases.CarNameAndPriceTest" name="carNameAndPrice" time="30.452"/>
  <testcase classname="testcases.CarNameAndPriceTest" name="carNameAndPrice" time="13.694"/>
  <testcase classname="testcases.CarNameAndPriceTest" name="carNameAndPrice" time="12.495"/>
  <testcase classname="testcases.CarNameAndPriceTest" name="carNameAndPrice" time="13.026"/>
</testsuite> <!-- Car Name and Price Test -->
