<?xml version="1.0" encoding="UTF-8"?>
<!-- Generated by org.testng.reporters.JUnitXMLReporter -->
<testsuite ignored="0" hostname="DESKTOPMURALI" failures="0" tests="4" name="Car Name and Price Test" time="0.052" errors="0" timestamp="14 Sep 2023 15:11:38 GMT">
  <testcase classname="testcases.CarNameAndPriceTest" name="carNameAndPrice" time="0.002">
    <skipped/>
  </testcase> <!-- carNameAndPrice -->
  <testcase classname="testcases.CarNameAndPriceTest" name="carNameAndPrice" time="0.0">
    <skipped/>
  </testcase> <!-- carNameAndPrice -->
  <testcase classname="testcases.CarNameAndPriceTest" name="carNameAndPrice" time="0.0">
    <skipped/>
  </testcase> <!-- carNameAndPrice -->
  <testcase classname="testcases.CarNameAndPriceTest" name="carNameAndPrice" time="0.0">
    <skipped/>
  </testcase> <!-- carNameAndPrice -->
</testsuite> <!-- Car Name and Price Test -->
