<?xml version="1.0" encoding="UTF-8"?>
<!-- Generated by org.testng.reporters.JUnitXMLReporter -->
<testsuite ignored="0" hostname="DESKTOPMURALI" failures="0" tests="4" name="Find New Cars Test" time="31.062" errors="0" timestamp="14 Sep 2023 15:11:38 GMT">
  <testcase classname="testcases.FindNewCarsTest" name="findNewCarTest" time="11.276"/>
  <testcase classname="testcases.FindNewCarsTest" name="findNewCarTest" time="5.67"/>
  <testcase classname="testcases.FindNewCarsTest" name="findNewCarTest" time="6.257"/>
  <testcase classname="testcases.FindNewCarsTest" name="findNewCarTest" time="5.776"/>
</testsuite> <!-- Find New Cars Test -->
