<?xml version="1.0" encoding="UTF-8"?>
<!-- Generated by org.testng.reporters.JUnitXMLReporter -->
<testsuite ignored="0" hostname="DESKTOPMURALI" failures="0" tests="4" name="Find New Cars Test" time="63.61" errors="0" timestamp="14 Sep 2023 12:33:33 GMT">
  <testcase classname="testcases.FindNewCarsTest" name="findNewCarTest" time="12.329"/>
  <testcase classname="testcases.FindNewCarsTest" name="findNewCarTest" time="24.417"/>
  <testcase classname="testcases.FindNewCarsTest" name="findNewCarTest" time="13.342"/>
  <testcase classname="testcases.FindNewCarsTest" name="findNewCarTest" time="10.868"/>
</testsuite> <!-- Find New Cars Test -->
