<?xml version="1.0" encoding="UTF-8"?>
<testng-results ignored="0" total="5" passed="5" failed="0" skipped="0">
  <reporter-output>
  </reporter-output>
  <suite started-at="2023-09-14T20:38:50 IST" name="Data Drivern TestNG Framework" finished-at="2023-09-14T20:39:00 IST" duration-ms="9924">
    <groups>
    </groups>
    <test started-at="2023-09-14T20:38:50 IST" name="Bankmanager Login Test" finished-at="2023-09-14T20:38:51 IST" duration-ms="880">
      <class name="com.brainzhive.testcases.BankManagerLoginTest">
        <test-method signature="loginAsBankManager()[pri:0, instance:com.brainzhive.testcases.BankManagerLoginTest@74bdc168]" started-at="2023-09-14T20:38:51 IST" name="loginAsBankManager" finished-at="2023-09-14T20:38:51 IST" duration-ms="636" status="PASS">
          <reporter-output>
          </reporter-output>
        </test-method> <!-- loginAsBankManager -->
      </class> <!-- com.brainzhive.testcases.BankManagerLoginTest -->
    </test> <!-- Bankmanager Login Test -->
    <test started-at="2023-09-14T20:38:52 IST" name="Add Customer Test" finished-at="2023-09-14T20:38:58 IST" duration-ms="5648">
      <class name="com.brainzhive.testcases.AddCustomerTest">
        <test-method signature="addCustomer(java.lang.String,java.lang.String,java.lang.String)[pri:0, instance:com.brainzhive.testcases.AddCustomerTest@2c715e84]" started-at="2023-09-14T20:38:52 IST" name="addCustomer" data-provider="data" finished-at="2023-09-14T20:38:54 IST" duration-ms="2371" status="PASS">
          <params>
            <param index="0">
              <value>
                <![CDATA[Muralidhar]]>
              </value>
            </param>
            <param index="1">
              <value>
                <![CDATA[Vatti]]>
              </value>
            </param>
            <param index="2">
              <value>
                <![CDATA[A234234]]>
              </value>
            </param>
          </params>
          <reporter-output>
          </reporter-output>
        </test-method> <!-- addCustomer -->
        <test-method signature="addCustomer(java.lang.String,java.lang.String,java.lang.String)[pri:0, instance:com.brainzhive.testcases.AddCustomerTest@2c715e84]" started-at="2023-09-14T20:38:54 IST" name="addCustomer" data-provider="data" finished-at="2023-09-14T20:38:56 IST" duration-ms="1599" status="PASS">
          <params>
            <param index="0">
              <value>
                <![CDATA[Mounish]]>
              </value>
            </param>
            <param index="1">
              <value>
                <![CDATA[Vatti]]>
              </value>
            </param>
            <param index="2">
              <value>
                <![CDATA[S3424]]>
              </value>
            </param>
          </params>
          <reporter-output>
          </reporter-output>
        </test-method> <!-- addCustomer -->
        <test-method signature="addCustomer(java.lang.String,java.lang.String,java.lang.String)[pri:0, instance:com.brainzhive.testcases.AddCustomerTest@2c715e84]" started-at="2023-09-14T20:38:56 IST" name="addCustomer" data-provider="data" finished-at="2023-09-14T20:38:58 IST" duration-ms="1604" status="PASS">
          <params>
            <param index="0">
              <value>
                <![CDATA[Vatti]]>
              </value>
            </param>
            <param index="1">
              <value>
                <![CDATA[Murali]]>
              </value>
            </param>
            <param index="2">
              <value>
                <![CDATA[23343.0]]>
              </value>
            </param>
          </params>
          <reporter-output>
          </reporter-output>
        </test-method> <!-- addCustomer -->
      </class> <!-- com.brainzhive.testcases.AddCustomerTest -->
    </test> <!-- Add Customer Test -->
    <test started-at="2023-09-14T20:38:58 IST" name="Open Account Test" finished-at="2023-09-14T20:39:00 IST" duration-ms="2600">
      <class name="com.brainzhive.testcases.OpenAccountTest">
        <test-method is-config="true" signature="setUp()[pri:0, instance:com.brainzhive.testcases.OpenAccountTest@21694e53]" started-at="2023-09-14T20:38:43 IST" name="setUp" finished-at="2023-09-14T20:38:50 IST" duration-ms="7548" status="PASS">
          <reporter-output>
          </reporter-output>
        </test-method> <!-- setUp -->
        <test-method signature="openAccount(java.lang.String,java.lang.String)[pri:0, instance:com.brainzhive.testcases.OpenAccountTest@21694e53]" started-at="2023-09-14T20:38:58 IST" name="openAccount" data-provider="data" finished-at="2023-09-14T20:39:00 IST" duration-ms="2597" status="PASS">
          <params>
            <param index="0">
              <value>
                <![CDATA[Muralidhar Vatti]]>
              </value>
            </param>
            <param index="1">
              <value>
                <![CDATA[Rupee]]>
              </value>
            </param>
          </params>
          <reporter-output>
          </reporter-output>
        </test-method> <!-- openAccount -->
        <test-method is-config="true" signature="tearDown()[pri:0, instance:com.brainzhive.testcases.OpenAccountTest@21694e53]" started-at="2023-09-14T20:39:00 IST" name="tearDown" finished-at="2023-09-14T20:39:00 IST" duration-ms="0" status="PASS">
          <reporter-output>
          </reporter-output>
        </test-method> <!-- tearDown -->
      </class> <!-- com.brainzhive.testcases.OpenAccountTest -->
    </test> <!-- Open Account Test -->
  </suite> <!-- Data Drivern TestNG Framework -->
</testng-results>
