<?xml version="1.0" encoding="UTF-8"?>
<testsuite name="TestSuite" time="5.615" tests="5" errors="0" skipped="0" failures="0">
  <properties>
[...]
</properties>
  <testcase name="loginAsBankManager" classname="com.brainzhive.testcases.BankManagerLoginTest" time="0.64"/>
  <testcase name="addCustomer" classname="com.brainzhive.testcases.AddCustomerTest" time="2.377"/>
  <testcase name="addCustomer" classname="com.brainzhive.testcases.AddCustomerTest" time="1.598"/>
  <testcase name="addCustomer" classname="com.brainzhive.testcases.AddCustomerTest" time="1.606"/>
  <testcase name="openAccount" classname="com.brainzhive.testcases.OpenAccountTest" time="2.598"/>
</testsuite>