<?xml version="1.0" encoding="UTF-8"?>
<testng-results ignored="0" total="10" passed="9" failed="1" skipped="0">
  <reporter-output>
  </reporter-output>
  <suite started-at="2023-10-04T16:21:26 IST" name="TestNG Framework" finished-at="2023-10-04T16:24:24 IST" duration-ms="178074">
    <groups>
    </groups>
    <test started-at="2023-10-04T16:21:26 IST" name="Find New Cars Test" finished-at="2023-10-04T16:22:56 IST" duration-ms="89740">
      <class name="testcases.FindNewCarsTest">
        <test-method signature="findNewCarTest(java.lang.String,java.lang.String,java.lang.String,java.lang.String)[pri:0, instance:testcases.FindNewCarsTest@22c01ab0]" started-at="2023-10-04T16:21:26 IST" name="findNewCarTest" data-provider="data" finished-at="2023-10-04T16:21:43 IST" duration-ms="16538" status="PASS">
          <params>
            <param index="0">
              <value>
                <![CDATA[chrome]]>
              </value>
            </param>
            <param index="1">
              <value>
                <![CDATA[Y]]>
              </value>
            </param>
            <param index="2">
              <value>
                <![CDATA[bmw]]>
              </value>
            </param>
            <param index="3">
              <value>
                <![CDATA[BMW Cars]]>
              </value>
            </param>
          </params>
          <reporter-output>
          </reporter-output>
        </test-method> <!-- findNewCarTest -->
        <test-method is-config="true" signature="tearDown()[pri:0, instance:testcases.FindNewCarsTest@22c01ab0]" started-at="2023-10-04T16:21:43 IST" name="tearDown" finished-at="2023-10-04T16:21:44 IST" duration-ms="572" status="PASS">
          <reporter-output>
          </reporter-output>
        </test-method> <!-- tearDown -->
        <test-method signature="findNewCarTest(java.lang.String,java.lang.String,java.lang.String,java.lang.String)[pri:0, instance:testcases.FindNewCarsTest@22c01ab0]" started-at="2023-10-04T16:21:44 IST" name="findNewCarTest" data-provider="data" finished-at="2023-10-04T16:21:57 IST" duration-ms="13160" status="PASS">
          <params>
            <param index="0">
              <value>
                <![CDATA[chrome]]>
              </value>
            </param>
            <param index="1">
              <value>
                <![CDATA[Y]]>
              </value>
            </param>
            <param index="2">
              <value>
                <![CDATA[toyota]]>
              </value>
            </param>
            <param index="3">
              <value>
                <![CDATA[Toyota Cars]]>
              </value>
            </param>
          </params>
          <reporter-output>
          </reporter-output>
        </test-method> <!-- findNewCarTest -->
        <test-method is-config="true" signature="tearDown()[pri:0, instance:testcases.FindNewCarsTest@22c01ab0]" started-at="2023-10-04T16:21:57 IST" name="tearDown" finished-at="2023-10-04T16:21:58 IST" duration-ms="496" status="PASS">
          <reporter-output>
          </reporter-output>
        </test-method> <!-- tearDown -->
        <test-method signature="findNewCarTest(java.lang.String,java.lang.String,java.lang.String,java.lang.String)[pri:0, instance:testcases.FindNewCarsTest@22c01ab0]" started-at="2023-10-04T16:21:58 IST" name="findNewCarTest" data-provider="data" finished-at="2023-10-04T16:22:11 IST" duration-ms="12725" status="PASS">
          <params>
            <param index="0">
              <value>
                <![CDATA[chrome]]>
              </value>
            </param>
            <param index="1">
              <value>
                <![CDATA[Y]]>
              </value>
            </param>
            <param index="2">
              <value>
                <![CDATA[kia]]>
              </value>
            </param>
            <param index="3">
              <value>
                <![CDATA[Kia Cars]]>
              </value>
            </param>
          </params>
          <reporter-output>
          </reporter-output>
        </test-method> <!-- findNewCarTest -->
        <test-method is-config="true" signature="tearDown()[pri:0, instance:testcases.FindNewCarsTest@22c01ab0]" started-at="2023-10-04T16:22:11 IST" name="tearDown" finished-at="2023-10-04T16:22:11 IST" duration-ms="438" status="PASS">
          <reporter-output>
          </reporter-output>
        </test-method> <!-- tearDown -->
        <test-method signature="findNewCarTest(java.lang.String,java.lang.String,java.lang.String,java.lang.String)[pri:0, instance:testcases.FindNewCarsTest@22c01ab0]" started-at="2023-10-04T16:22:11 IST" name="findNewCarTest" data-provider="data" finished-at="2023-10-04T16:22:42 IST" duration-ms="30452" status="FAIL">
          <params>
            <param index="0">
              <value>
                <![CDATA[chrome]]>
              </value>
            </param>
            <param index="1">
              <value>
                <![CDATA[Y]]>
              </value>
            </param>
            <param index="2">
              <value>
                <![CDATA[honda]]>
              </value>
            </param>
            <param index="3">
              <value>
                <![CDATA[Honda Cars]]>
              </value>
            </param>
          </params>
          <exception class="org.openqa.selenium.NoSuchElementException">
            <message>
              <![CDATA[no such element: Unable to locate element: {"method":"xpath","selector":"//*[@id="root"]/div[2]/div/div[2]/div/h1"}
  (Session info: chrome=117.0.5938.134)
For documentation on this error, please visit: https://www.selenium.dev/documentation/webdriver/troubleshooting/errors#no-such-element-exception
Build info: version: '4.12.1', revision: '8e34639b11'
System info: os.name: 'Windows 11', os.arch: 'amd64', os.version: '10.0', java.version: '17.0.8'
Driver info: org.openqa.selenium.chrome.ChromeDriver
Command: [27b99da855b2b94a6216f7b30f73bb97, findElement {using=xpath, value=//*[@id="root"]/div[2]/div/div[2]/div/h1}]
Capabilities {acceptInsecureCerts: false, browserName: chrome, browserVersion: 117.0.5938.134, chrome: {chromedriverVersion: 117.0.5938.92 (67649b10b92b..., userDataDir: C:\Users\DELL\AppData\Local...}, fedcm:accounts: true, goog:chromeOptions: {debuggerAddress: localhost:56154}, networkConnectionEnabled: false, pageLoadStrategy: normal, platformName: windows, proxy: Proxy(), se:cdp: ws://localhost:56154/devtoo..., se:cdpVersion: 117.0.5938.134, setWindowRect: true, strictFileInteractability: false, timeouts: {implicit: 0, pageLoad: 300000, script: 30000}, unhandledPromptBehavior: dismiss and notify, webauthn:extension:credBlob: true, webauthn:extension:largeBlob: true, webauthn:extension:minPinLength: true, webauthn:extension:prf: true, webauthn:virtualAuthenticators: true}
Session ID: 27b99da855b2b94a6216f7b30f73bb97]]>
            </message>
            <full-stacktrace>
              <![CDATA[org.openqa.selenium.NoSuchElementException: no such element: Unable to locate element: {"method":"xpath","selector":"//*[@id="root"]/div[2]/div/div[2]/div/h1"}
  (Session info: chrome=117.0.5938.134)
For documentation on this error, please visit: https://www.selenium.dev/documentation/webdriver/troubleshooting/errors#no-such-element-exception
Build info: version: '4.12.1', revision: '8e34639b11'
System info: os.name: 'Windows 11', os.arch: 'amd64', os.version: '10.0', java.version: '17.0.8'
Driver info: org.openqa.selenium.chrome.ChromeDriver
Command: [27b99da855b2b94a6216f7b30f73bb97, findElement {using=xpath, value=//*[@id="root"]/div[2]/div/div[2]/div/h1}]
Capabilities {acceptInsecureCerts: false, browserName: chrome, browserVersion: 117.0.5938.134, chrome: {chromedriverVersion: 117.0.5938.92 (67649b10b92b..., userDataDir: C:\Users\DELL\AppData\Local...}, fedcm:accounts: true, goog:chromeOptions: {debuggerAddress: localhost:56154}, networkConnectionEnabled: false, pageLoadStrategy: normal, platformName: windows, proxy: Proxy(), se:cdp: ws://localhost:56154/devtoo..., se:cdpVersion: 117.0.5938.134, setWindowRect: true, strictFileInteractability: false, timeouts: {implicit: 0, pageLoad: 300000, script: 30000}, unhandledPromptBehavior: dismiss and notify, webauthn:extension:credBlob: true, webauthn:extension:largeBlob: true, webauthn:extension:minPinLength: true, webauthn:extension:prf: true, webauthn:virtualAuthenticators: true}
Session ID: 27b99da855b2b94a6216f7b30f73bb97
at java.base/jdk.internal.reflect.NativeConstructorAccessorImpl.newInstance0(Native Method)
at java.base/jdk.internal.reflect.NativeConstructorAccessorImpl.newInstance(NativeConstructorAccessorImpl.java:77)
at java.base/jdk.internal.reflect.DelegatingConstructorAccessorImpl.newInstance(DelegatingConstructorAccessorImpl.java:45)
at java.base/java.lang.reflect.Constructor.newInstanceWithCaller(Constructor.java:499)
at java.base/java.lang.reflect.Constructor.newInstance(Constructor.java:480)
at org.openqa.selenium.remote.codec.w3c.W3CHttpResponseCodec.createException(W3CHttpResponseCodec.java:200)
at org.openqa.selenium.remote.codec.w3c.W3CHttpResponseCodec.decode(W3CHttpResponseCodec.java:133)
at org.openqa.selenium.remote.codec.w3c.W3CHttpResponseCodec.decode(W3CHttpResponseCodec.java:52)
at org.openqa.selenium.remote.HttpCommandExecutor.execute(HttpCommandExecutor.java:191)
at org.openqa.selenium.remote.service.DriverCommandExecutor.invokeExecute(DriverCommandExecutor.java:196)
at org.openqa.selenium.remote.service.DriverCommandExecutor.execute(DriverCommandExecutor.java:171)
at org.openqa.selenium.remote.RemoteWebDriver.execute(RemoteWebDriver.java:602)
at org.openqa.selenium.remote.ElementLocation$ElementFinder$2.findElement(ElementLocation.java:165)
at org.openqa.selenium.remote.ElementLocation.findElement(ElementLocation.java:59)
at org.openqa.selenium.remote.RemoteWebDriver.findElement(RemoteWebDriver.java:359)
at org.openqa.selenium.remote.RemoteWebDriver.findElement(RemoteWebDriver.java:353)
at org.openqa.selenium.support.pagefactory.DefaultElementLocator.findElement(DefaultElementLocator.java:68)
at org.openqa.selenium.support.pagefactory.internal.LocatingElementHandler.invoke(LocatingElementHandler.java:38)
at jdk.proxy2/jdk.proxy2.$Proxy17.getText(Unknown Source)
at base.CarBase.getCarTitle(CarBase.java:30)
at testcases.FindNewCarsTest.findNewCarTest(FindNewCarsTest.java:69)
at java.base/jdk.internal.reflect.NativeMethodAccessorImpl.invoke0(Native Method)
at java.base/jdk.internal.reflect.NativeMethodAccessorImpl.invoke(NativeMethodAccessorImpl.java:77)
at java.base/jdk.internal.reflect.DelegatingMethodAccessorImpl.invoke(DelegatingMethodAccessorImpl.java:43)
at java.base/java.lang.reflect.Method.invoke(Method.java:568)
at org.testng.internal.MethodInvocationHelper.invokeMethod(MethodInvocationHelper.java:133)
at org.testng.internal.TestInvoker.invokeMethod(TestInvoker.java:598)
at org.testng.internal.TestInvoker.invokeTestMethod(TestInvoker.java:173)
at org.testng.internal.MethodRunner.runInSequence(MethodRunner.java:46)
at org.testng.internal.TestInvoker$MethodInvocationAgent.invoke(TestInvoker.java:824)
at org.testng.internal.TestInvoker.invokeTestMethods(TestInvoker.java:146)
at org.testng.internal.TestMethodWorker.invokeTestMethods(TestMethodWorker.java:146)
at org.testng.internal.TestMethodWorker.run(TestMethodWorker.java:128)
at java.base/java.util.ArrayList.forEach(ArrayList.java:1511)
at org.testng.TestRunner.privateRun(TestRunner.java:794)
at org.testng.TestRunner.run(TestRunner.java:596)
at org.testng.SuiteRunner.runTest(SuiteRunner.java:377)
at org.testng.SuiteRunner.runSequentially(SuiteRunner.java:371)
at org.testng.SuiteRunner.privateRun(SuiteRunner.java:332)
at org.testng.SuiteRunner.run(SuiteRunner.java:276)
at org.testng.SuiteRunnerWorker.runSuite(SuiteRunnerWorker.java:53)
at org.testng.SuiteRunnerWorker.run(SuiteRunnerWorker.java:96)
at org.testng.TestNG.runSuitesSequentially(TestNG.java:1212)
at org.testng.TestNG.runSuitesLocally(TestNG.java:1134)
at org.testng.TestNG.runSuites(TestNG.java:1063)
at org.testng.TestNG.run(TestNG.java:1031)
at org.testng.remote.AbstractRemoteTestNG.run(AbstractRemoteTestNG.java:115)
at org.testng.remote.RemoteTestNG.initAndRun(RemoteTestNG.java:251)
at org.testng.remote.RemoteTestNG.main(RemoteTestNG.java:77)
]]>
            </full-stacktrace>
          </exception> <!-- org.openqa.selenium.NoSuchElementException -->
          <reporter-output>
          </reporter-output>
        </test-method> <!-- findNewCarTest -->
        <test-method is-config="true" signature="tearDown()[pri:0, instance:testcases.FindNewCarsTest@22c01ab0]" started-at="2023-10-04T16:22:42 IST" name="tearDown" finished-at="2023-10-04T16:22:43 IST" duration-ms="576" status="PASS">
          <reporter-output>
          </reporter-output>
        </test-method> <!-- tearDown -->
        <test-method signature="findNewCarTest(java.lang.String,java.lang.String,java.lang.String,java.lang.String)[pri:0, instance:testcases.FindNewCarsTest@22c01ab0]" started-at="2023-10-04T16:22:43 IST" name="findNewCarTest" data-provider="data" finished-at="2023-10-04T16:22:55 IST" duration-ms="12505" status="PASS">
          <params>
            <param index="0">
              <value>
                <![CDATA[chrome]]>
              </value>
            </param>
            <param index="1">
              <value>
                <![CDATA[Y]]>
              </value>
            </param>
            <param index="2">
              <value>
                <![CDATA[tata]]>
              </value>
            </param>
            <param index="3">
              <value>
                <![CDATA[Tata Cars]]>
              </value>
            </param>
          </params>
          <reporter-output>
          </reporter-output>
        </test-method> <!-- findNewCarTest -->
        <test-method is-config="true" signature="tearDown()[pri:0, instance:testcases.FindNewCarsTest@22c01ab0]" started-at="2023-10-04T16:22:55 IST" name="tearDown" finished-at="2023-10-04T16:22:56 IST" duration-ms="667" status="PASS">
          <reporter-output>
          </reporter-output>
        </test-method> <!-- tearDown -->
      </class> <!-- testcases.FindNewCarsTest -->
    </test> <!-- Find New Cars Test -->
    <test started-at="2023-10-04T16:22:57 IST" name="Car Name and Price Test" finished-at="2023-10-04T16:24:24 IST" duration-ms="87684">
      <class name="testcases.CarNameAndPriceTest">
        <test-method signature="carNameAndPrice(java.lang.String,java.lang.String,java.lang.String)[pri:0, instance:testcases.CarNameAndPriceTest@73393584]" started-at="2023-10-04T16:22:57 IST" name="carNameAndPrice" data-provider="data" finished-at="2023-10-04T16:23:11 IST" duration-ms="14228" status="PASS">
          <params>
            <param index="0">
              <value>
                <![CDATA[chrome]]>
              </value>
            </param>
            <param index="1">
              <value>
                <![CDATA[Y]]>
              </value>
            </param>
            <param index="2">
              <value>
                <![CDATA[bmw]]>
              </value>
            </param>
          </params>
          <reporter-output>
          </reporter-output>
        </test-method> <!-- carNameAndPrice -->
        <test-method is-config="true" signature="tearDown()[pri:0, instance:testcases.CarNameAndPriceTest@73393584]" started-at="2023-10-04T16:23:11 IST" name="tearDown" finished-at="2023-10-04T16:23:12 IST" duration-ms="521" status="PASS">
          <reporter-output>
          </reporter-output>
        </test-method> <!-- tearDown -->
        <test-method signature="carNameAndPrice(java.lang.String,java.lang.String,java.lang.String)[pri:0, instance:testcases.CarNameAndPriceTest@73393584]" started-at="2023-10-04T16:23:12 IST" name="carNameAndPrice" data-provider="data" finished-at="2023-10-04T16:23:42 IST" duration-ms="30452" status="PASS">
          <params>
            <param index="0">
              <value>
                <![CDATA[chrome]]>
              </value>
            </param>
            <param index="1">
              <value>
                <![CDATA[Y]]>
              </value>
            </param>
            <param index="2">
              <value>
                <![CDATA[honda]]>
              </value>
            </param>
          </params>
          <reporter-output>
          </reporter-output>
        </test-method> <!-- carNameAndPrice -->
        <test-method is-config="true" signature="tearDown()[pri:0, instance:testcases.CarNameAndPriceTest@73393584]" started-at="2023-10-04T16:23:42 IST" name="tearDown" finished-at="2023-10-04T16:23:43 IST" duration-ms="575" status="PASS">
          <reporter-output>
          </reporter-output>
        </test-method> <!-- tearDown -->
        <test-method signature="carNameAndPrice(java.lang.String,java.lang.String,java.lang.String)[pri:0, instance:testcases.CarNameAndPriceTest@73393584]" started-at="2023-10-04T16:23:43 IST" name="carNameAndPrice" data-provider="data" finished-at="2023-10-04T16:23:57 IST" duration-ms="13694" status="PASS">
          <params>
            <param index="0">
              <value>
                <![CDATA[chrome]]>
              </value>
            </param>
            <param index="1">
              <value>
                <![CDATA[Y]]>
              </value>
            </param>
            <param index="2">
              <value>
                <![CDATA[toyota]]>
              </value>
            </param>
          </params>
          <reporter-output>
          </reporter-output>
        </test-method> <!-- carNameAndPrice -->
        <test-method is-config="true" signature="tearDown()[pri:0, instance:testcases.CarNameAndPriceTest@73393584]" started-at="2023-10-04T16:23:57 IST" name="tearDown" finished-at="2023-10-04T16:23:58 IST" duration-ms="503" status="PASS">
          <reporter-output>
          </reporter-output>
        </test-method> <!-- tearDown -->
        <test-method signature="carNameAndPrice(java.lang.String,java.lang.String,java.lang.String)[pri:0, instance:testcases.CarNameAndPriceTest@73393584]" started-at="2023-10-04T16:23:58 IST" name="carNameAndPrice" data-provider="data" finished-at="2023-10-04T16:24:10 IST" duration-ms="12495" status="PASS">
          <params>
            <param index="0">
              <value>
                <![CDATA[chrome]]>
              </value>
            </param>
            <param index="1">
              <value>
                <![CDATA[Y]]>
              </value>
            </param>
            <param index="2">
              <value>
                <![CDATA[kia]]>
              </value>
            </param>
          </params>
          <reporter-output>
          </reporter-output>
        </test-method> <!-- carNameAndPrice -->
        <test-method is-config="true" signature="tearDown()[pri:0, instance:testcases.CarNameAndPriceTest@73393584]" started-at="2023-10-04T16:24:10 IST" name="tearDown" finished-at="2023-10-04T16:24:11 IST" duration-ms="449" status="PASS">
          <reporter-output>
          </reporter-output>
        </test-method> <!-- tearDown -->
        <test-method signature="carNameAndPrice(java.lang.String,java.lang.String,java.lang.String)[pri:0, instance:testcases.CarNameAndPriceTest@73393584]" started-at="2023-10-04T16:24:11 IST" name="carNameAndPrice" data-provider="data" finished-at="2023-10-04T16:24:24 IST" duration-ms="13026" status="PASS">
          <params>
            <param index="0">
              <value>
                <![CDATA[chrome]]>
              </value>
            </param>
            <param index="1">
              <value>
                <![CDATA[Y]]>
              </value>
            </param>
            <param index="2">
              <value>
                <![CDATA[tata]]>
              </value>
            </param>
          </params>
          <reporter-output>
          </reporter-output>
        </test-method> <!-- carNameAndPrice -->
        <test-method is-config="true" signature="tearDown()[pri:0, instance:testcases.CarNameAndPriceTest@73393584]" started-at="2023-10-04T16:24:24 IST" name="tearDown" finished-at="2023-10-04T16:24:24 IST" duration-ms="403" status="PASS">
          <reporter-output>
          </reporter-output>
        </test-method> <!-- tearDown -->
      </class> <!-- testcases.CarNameAndPriceTest -->
    </test> <!-- Car Name and Price Test -->
  </suite> <!-- TestNG Framework -->
</testng-results>
