<?xml version="1.0" encoding="UTF-8"?>
<!-- Generated by org.testng.reporters.JUnitXMLReporter -->
<testsuite ignored="0" hostname="DESKTOPMURALI" failures="0" tests="3" name="Add Customer Test" time="5.953" errors="0" timestamp="2023-09-14T17:59:20 IST">
  <testcase classname="com.brainzhive.testcases.AddCustomerTest" name="addCustomer" time="2.465"/>
  <testcase classname="com.brainzhive.testcases.AddCustomerTest" name="addCustomer" time="1.795"/>
  <testcase classname="com.brainzhive.testcases.AddCustomerTest" name="addCustomer" time="1.6"/>
</testsuite> <!-- Add Customer Test -->
