<?xml version="1.0" encoding="UTF-8"?>
<testng-results ignored="0" total="8" passed="4" failed="0" skipped="4">
  <reporter-output>
  </reporter-output>
  <suite started-at="2023-09-14T12:32:29Z" name="TestNG Framework" finished-at="2023-09-14T12:33:34Z" duration-ms="64195">
    <groups>
    </groups>
    <test started-at="2023-09-14T12:32:29Z" name="Find New Cars Test" finished-at="2023-09-14T12:33:33Z" duration-ms="63610">
      <class name="testcases.FindNewCarsTest">
        <test-method signature="findNewCarTest(java.lang.String, java.lang.String, java.lang.String, java.lang.String)[pri:0, instance:testcases.FindNewCarsTest@7651218e]" started-at="2023-09-14T12:32:29Z" name="findNewCarTest" data-provider="data" finished-at="2023-09-14T12:32:42Z" duration-ms="12329" status="PASS">
          <params>
            <param index="0">
              <value>
                <![CDATA[chrome]]>
              </value>
            </param>
            <param index="1">
              <value>
                <![CDATA[Y]]>
              </value>
            </param>
            <param index="2">
              <value>
                <![CDATA[bmw]]>
              </value>
            </param>
            <param index="3">
              <value>
                <![CDATA[BMW Cars]]>
              </value>
            </param>
          </params>
          <reporter-output>
          </reporter-output>
        </test-method> <!-- findNewCarTest -->
        <test-method is-config="true" signature="tearDown()[pri:0, instance:testcases.FindNewCarsTest@7651218e]" started-at="2023-09-14T12:32:42Z" name="tearDown" finished-at="2023-09-14T12:32:42Z" duration-ms="487" status="PASS">
          <reporter-output>
          </reporter-output>
        </test-method> <!-- tearDown -->
        <test-method signature="findNewCarTest(java.lang.String, java.lang.String, java.lang.String, java.lang.String)[pri:0, instance:testcases.FindNewCarsTest@7651218e]" started-at="2023-09-14T12:32:42Z" name="findNewCarTest" data-provider="data" finished-at="2023-09-14T12:33:07Z" duration-ms="24417" status="PASS">
          <params>
            <param index="0">
              <value>
                <![CDATA[chrome]]>
              </value>
            </param>
            <param index="1">
              <value>
                <![CDATA[Y]]>
              </value>
            </param>
            <param index="2">
              <value>
                <![CDATA[honda]]>
              </value>
            </param>
            <param index="3">
              <value>
                <![CDATA[Honda Cars]]>
              </value>
            </param>
          </params>
          <reporter-output>
          </reporter-output>
        </test-method> <!-- findNewCarTest -->
        <test-method is-config="true" signature="tearDown()[pri:0, instance:testcases.FindNewCarsTest@7651218e]" started-at="2023-09-14T12:33:07Z" name="tearDown" finished-at="2023-09-14T12:33:08Z" duration-ms="967" status="PASS">
          <reporter-output>
          </reporter-output>
        </test-method> <!-- tearDown -->
        <test-method signature="findNewCarTest(java.lang.String, java.lang.String, java.lang.String, java.lang.String)[pri:0, instance:testcases.FindNewCarsTest@7651218e]" started-at="2023-09-14T12:33:08Z" name="findNewCarTest" data-provider="data" finished-at="2023-09-14T12:33:21Z" duration-ms="13342" status="PASS">
          <params>
            <param index="0">
              <value>
                <![CDATA[chrome]]>
              </value>
            </param>
            <param index="1">
              <value>
                <![CDATA[Y]]>
              </value>
            </param>
            <param index="2">
              <value>
                <![CDATA[toyota]]>
              </value>
            </param>
            <param index="3">
              <value>
                <![CDATA[Toyota Cars]]>
              </value>
            </param>
          </params>
          <reporter-output>
          </reporter-output>
        </test-method> <!-- findNewCarTest -->
        <test-method is-config="true" signature="tearDown()[pri:0, instance:testcases.FindNewCarsTest@7651218e]" started-at="2023-09-14T12:33:21Z" name="tearDown" finished-at="2023-09-14T12:33:22Z" duration-ms="550" status="PASS">
          <reporter-output>
          </reporter-output>
        </test-method> <!-- tearDown -->
        <test-method signature="findNewCarTest(java.lang.String, java.lang.String, java.lang.String, java.lang.String)[pri:0, instance:testcases.FindNewCarsTest@7651218e]" started-at="2023-09-14T12:33:22Z" name="findNewCarTest" data-provider="data" finished-at="2023-09-14T12:33:32Z" duration-ms="10868" status="PASS">
          <params>
            <param index="0">
              <value>
                <![CDATA[chrome]]>
              </value>
            </param>
            <param index="1">
              <value>
                <![CDATA[Y]]>
              </value>
            </param>
            <param index="2">
              <value>
                <![CDATA[kia]]>
              </value>
            </param>
            <param index="3">
              <value>
                <![CDATA[Kia Cars]]>
              </value>
            </param>
          </params>
          <reporter-output>
          </reporter-output>
        </test-method> <!-- findNewCarTest -->
        <test-method is-config="true" signature="tearDown()[pri:0, instance:testcases.FindNewCarsTest@7651218e]" started-at="2023-09-14T12:33:32Z" name="tearDown" finished-at="2023-09-14T12:33:33Z" duration-ms="524" status="PASS">
          <reporter-output>
          </reporter-output>
        </test-method> <!-- tearDown -->
      </class> <!-- testcases.FindNewCarsTest -->
    </test> <!-- Find New Cars Test -->
    <test started-at="2023-09-14T12:33:34Z" name="Car Name and Price Test" finished-at="2023-09-14T12:33:34Z" duration-ms="48">
      <class name="testcases.CarNameAndPriceTest">
        <test-method signature="carNameAndPrice(java.lang.String, java.lang.String, java.lang.String)[pri:0, instance:testcases.CarNameAndPriceTest@36b0fcd5]" started-at="2023-09-14T12:33:34Z" name="carNameAndPrice" data-provider="data" finished-at="2023-09-14T12:33:34Z" duration-ms="1" status="SKIP">
          <params>
            <param index="0">
              <value>
                <![CDATA[chrome]]>
              </value>
            </param>
            <param index="1">
              <value>
                <![CDATA[N]]>
              </value>
            </param>
            <param index="2">
              <value>
                <![CDATA[bmw]]>
              </value>
            </param>
          </params>
          <exception class="org.testng.SkipException">
            <message>
              <![CDATA[Skipping the test as the run mode is No]]>
            </message>
            <full-stacktrace>
              <![CDATA[org.testng.SkipException: Skipping the test as the run mode is No
at testcases.CarNameAndPriceTest.carNameAndPrice(CarNameAndPriceTest.java:19)
at java.base/jdk.internal.reflect.NativeMethodAccessorImpl.invoke0(Native Method)
at java.base/jdk.internal.reflect.NativeMethodAccessorImpl.invoke(NativeMethodAccessorImpl.java:77)
at java.base/jdk.internal.reflect.DelegatingMethodAccessorImpl.invoke(DelegatingMethodAccessorImpl.java:43)
at java.base/java.lang.reflect.Method.invoke(Method.java:568)
at org.testng.internal.MethodInvocationHelper.invokeMethod(MethodInvocationHelper.java:124)
at org.testng.internal.Invoker.invokeMethod(Invoker.java:583)
at org.testng.internal.Invoker.invokeTestMethod(Invoker.java:719)
at org.testng.internal.Invoker.invokeTestMethods(Invoker.java:989)
at org.testng.internal.TestMethodWorker.invokeTestMethods(TestMethodWorker.java:125)
at org.testng.internal.TestMethodWorker.run(TestMethodWorker.java:109)
at org.testng.TestRunner.privateRun(TestRunner.java:648)
at org.testng.TestRunner.run(TestRunner.java:505)
at org.testng.SuiteRunner.runTest(SuiteRunner.java:455)
at org.testng.SuiteRunner.runSequentially(SuiteRunner.java:450)
at org.testng.SuiteRunner.privateRun(SuiteRunner.java:415)
at org.testng.SuiteRunner.run(SuiteRunner.java:364)
at org.testng.SuiteRunnerWorker.runSuite(SuiteRunnerWorker.java:52)
at org.testng.SuiteRunnerWorker.run(SuiteRunnerWorker.java:84)
at org.testng.TestNG.runSuitesSequentially(TestNG.java:1208)
at org.testng.TestNG.runSuitesLocally(TestNG.java:1137)
at org.testng.TestNG.runSuites(TestNG.java:1049)
at org.testng.TestNG.run(TestNG.java:1017)
at org.apache.maven.surefire.testng.TestNGExecutor.run(TestNGExecutor.java:295)
at org.apache.maven.surefire.testng.TestNGXmlTestSuite.execute(TestNGXmlTestSuite.java:84)
at org.apache.maven.surefire.testng.TestNGProvider.invoke(TestNGProvider.java:90)
at org.apache.maven.surefire.booter.ForkedBooter.invokeProviderInSameClassLoader(ForkedBooter.java:203)
at org.apache.maven.surefire.booter.ForkedBooter.runSuitesInProcess(ForkedBooter.java:155)
at org.apache.maven.surefire.booter.ForkedBooter.main(ForkedBooter.java:103)
]]>
            </full-stacktrace>
          </exception> <!-- org.testng.SkipException -->
          <reporter-output>
          </reporter-output>
        </test-method> <!-- carNameAndPrice -->
        <test-method signature="carNameAndPrice(java.lang.String, java.lang.String, java.lang.String)[pri:0, instance:testcases.CarNameAndPriceTest@36b0fcd5]" started-at="2023-09-14T12:33:34Z" name="carNameAndPrice" data-provider="data" finished-at="2023-09-14T12:33:34Z" duration-ms="0" status="SKIP">
          <params>
            <param index="0">
              <value>
                <![CDATA[chrome]]>
              </value>
            </param>
            <param index="1">
              <value>
                <![CDATA[N]]>
              </value>
            </param>
            <param index="2">
              <value>
                <![CDATA[honda]]>
              </value>
            </param>
          </params>
          <exception class="org.testng.SkipException">
            <message>
              <![CDATA[Skipping the test as the run mode is No]]>
            </message>
            <full-stacktrace>
              <![CDATA[org.testng.SkipException: Skipping the test as the run mode is No
at testcases.CarNameAndPriceTest.carNameAndPrice(CarNameAndPriceTest.java:19)
at java.base/jdk.internal.reflect.NativeMethodAccessorImpl.invoke0(Native Method)
at java.base/jdk.internal.reflect.NativeMethodAccessorImpl.invoke(NativeMethodAccessorImpl.java:77)
at java.base/jdk.internal.reflect.DelegatingMethodAccessorImpl.invoke(DelegatingMethodAccessorImpl.java:43)
at java.base/java.lang.reflect.Method.invoke(Method.java:568)
at org.testng.internal.MethodInvocationHelper.invokeMethod(MethodInvocationHelper.java:124)
at org.testng.internal.Invoker.invokeMethod(Invoker.java:583)
at org.testng.internal.Invoker.invokeTestMethod(Invoker.java:719)
at org.testng.internal.Invoker.invokeTestMethods(Invoker.java:989)
at org.testng.internal.TestMethodWorker.invokeTestMethods(TestMethodWorker.java:125)
at org.testng.internal.TestMethodWorker.run(TestMethodWorker.java:109)
at org.testng.TestRunner.privateRun(TestRunner.java:648)
at org.testng.TestRunner.run(TestRunner.java:505)
at org.testng.SuiteRunner.runTest(SuiteRunner.java:455)
at org.testng.SuiteRunner.runSequentially(SuiteRunner.java:450)
at org.testng.SuiteRunner.privateRun(SuiteRunner.java:415)
at org.testng.SuiteRunner.run(SuiteRunner.java:364)
at org.testng.SuiteRunnerWorker.runSuite(SuiteRunnerWorker.java:52)
at org.testng.SuiteRunnerWorker.run(SuiteRunnerWorker.java:84)
at org.testng.TestNG.runSuitesSequentially(TestNG.java:1208)
at org.testng.TestNG.runSuitesLocally(TestNG.java:1137)
at org.testng.TestNG.runSuites(TestNG.java:1049)
at org.testng.TestNG.run(TestNG.java:1017)
at org.apache.maven.surefire.testng.TestNGExecutor.run(TestNGExecutor.java:295)
at org.apache.maven.surefire.testng.TestNGXmlTestSuite.execute(TestNGXmlTestSuite.java:84)
at org.apache.maven.surefire.testng.TestNGProvider.invoke(TestNGProvider.java:90)
at org.apache.maven.surefire.booter.ForkedBooter.invokeProviderInSameClassLoader(ForkedBooter.java:203)
at org.apache.maven.surefire.booter.ForkedBooter.runSuitesInProcess(ForkedBooter.java:155)
at org.apache.maven.surefire.booter.ForkedBooter.main(ForkedBooter.java:103)
]]>
            </full-stacktrace>
          </exception> <!-- org.testng.SkipException -->
          <reporter-output>
          </reporter-output>
        </test-method> <!-- carNameAndPrice -->
        <test-method is-config="true" signature="tearDown()[pri:0, instance:testcases.CarNameAndPriceTest@36b0fcd5]" started-at="2023-09-14T12:33:34Z" name="tearDown" finished-at="2023-09-14T12:33:34Z" duration-ms="0" status="PASS">
          <reporter-output>
          </reporter-output>
        </test-method> <!-- tearDown -->
        <test-method signature="carNameAndPrice(java.lang.String, java.lang.String, java.lang.String)[pri:0, instance:testcases.CarNameAndPriceTest@36b0fcd5]" started-at="2023-09-14T12:33:34Z" name="carNameAndPrice" data-provider="data" finished-at="2023-09-14T12:33:34Z" duration-ms="0" status="SKIP">
          <params>
            <param index="0">
              <value>
                <![CDATA[chrome]]>
              </value>
            </param>
            <param index="1">
              <value>
                <![CDATA[N]]>
              </value>
            </param>
            <param index="2">
              <value>
                <![CDATA[toyota]]>
              </value>
            </param>
          </params>
          <exception class="org.testng.SkipException">
            <message>
              <![CDATA[Skipping the test as the run mode is No]]>
            </message>
            <full-stacktrace>
              <![CDATA[org.testng.SkipException: Skipping the test as the run mode is No
at testcases.CarNameAndPriceTest.carNameAndPrice(CarNameAndPriceTest.java:19)
at java.base/jdk.internal.reflect.NativeMethodAccessorImpl.invoke0(Native Method)
at java.base/jdk.internal.reflect.NativeMethodAccessorImpl.invoke(NativeMethodAccessorImpl.java:77)
at java.base/jdk.internal.reflect.DelegatingMethodAccessorImpl.invoke(DelegatingMethodAccessorImpl.java:43)
at java.base/java.lang.reflect.Method.invoke(Method.java:568)
at org.testng.internal.MethodInvocationHelper.invokeMethod(MethodInvocationHelper.java:124)
at org.testng.internal.Invoker.invokeMethod(Invoker.java:583)
at org.testng.internal.Invoker.invokeTestMethod(Invoker.java:719)
at org.testng.internal.Invoker.invokeTestMethods(Invoker.java:989)
at org.testng.internal.TestMethodWorker.invokeTestMethods(TestMethodWorker.java:125)
at org.testng.internal.TestMethodWorker.run(TestMethodWorker.java:109)
at org.testng.TestRunner.privateRun(TestRunner.java:648)
at org.testng.TestRunner.run(TestRunner.java:505)
at org.testng.SuiteRunner.runTest(SuiteRunner.java:455)
at org.testng.SuiteRunner.runSequentially(SuiteRunner.java:450)
at org.testng.SuiteRunner.privateRun(SuiteRunner.java:415)
at org.testng.SuiteRunner.run(SuiteRunner.java:364)
at org.testng.SuiteRunnerWorker.runSuite(SuiteRunnerWorker.java:52)
at org.testng.SuiteRunnerWorker.run(SuiteRunnerWorker.java:84)
at org.testng.TestNG.runSuitesSequentially(TestNG.java:1208)
at org.testng.TestNG.runSuitesLocally(TestNG.java:1137)
at org.testng.TestNG.runSuites(TestNG.java:1049)
at org.testng.TestNG.run(TestNG.java:1017)
at org.apache.maven.surefire.testng.TestNGExecutor.run(TestNGExecutor.java:295)
at org.apache.maven.surefire.testng.TestNGXmlTestSuite.execute(TestNGXmlTestSuite.java:84)
at org.apache.maven.surefire.testng.TestNGProvider.invoke(TestNGProvider.java:90)
at org.apache.maven.surefire.booter.ForkedBooter.invokeProviderInSameClassLoader(ForkedBooter.java:203)
at org.apache.maven.surefire.booter.ForkedBooter.runSuitesInProcess(ForkedBooter.java:155)
at org.apache.maven.surefire.booter.ForkedBooter.main(ForkedBooter.java:103)
]]>
            </full-stacktrace>
          </exception> <!-- org.testng.SkipException -->
          <reporter-output>
          </reporter-output>
        </test-method> <!-- carNameAndPrice -->
        <test-method is-config="true" signature="tearDown()[pri:0, instance:testcases.CarNameAndPriceTest@36b0fcd5]" started-at="2023-09-14T12:33:34Z" name="tearDown" finished-at="2023-09-14T12:33:34Z" duration-ms="0" status="PASS">
          <reporter-output>
          </reporter-output>
        </test-method> <!-- tearDown -->
        <test-method signature="carNameAndPrice(java.lang.String, java.lang.String, java.lang.String)[pri:0, instance:testcases.CarNameAndPriceTest@36b0fcd5]" started-at="2023-09-14T12:33:34Z" name="carNameAndPrice" data-provider="data" finished-at="2023-09-14T12:33:34Z" duration-ms="1" status="SKIP">
          <params>
            <param index="0">
              <value>
                <![CDATA[chrome]]>
              </value>
            </param>
            <param index="1">
              <value>
                <![CDATA[N]]>
              </value>
            </param>
            <param index="2">
              <value>
                <![CDATA[kia]]>
              </value>
            </param>
          </params>
          <exception class="org.testng.SkipException">
            <message>
              <![CDATA[Skipping the test as the run mode is No]]>
            </message>
            <full-stacktrace>
              <![CDATA[org.testng.SkipException: Skipping the test as the run mode is No
at testcases.CarNameAndPriceTest.carNameAndPrice(CarNameAndPriceTest.java:19)
at java.base/jdk.internal.reflect.NativeMethodAccessorImpl.invoke0(Native Method)
at java.base/jdk.internal.reflect.NativeMethodAccessorImpl.invoke(NativeMethodAccessorImpl.java:77)
at java.base/jdk.internal.reflect.DelegatingMethodAccessorImpl.invoke(DelegatingMethodAccessorImpl.java:43)
at java.base/java.lang.reflect.Method.invoke(Method.java:568)
at org.testng.internal.MethodInvocationHelper.invokeMethod(MethodInvocationHelper.java:124)
at org.testng.internal.Invoker.invokeMethod(Invoker.java:583)
at org.testng.internal.Invoker.invokeTestMethod(Invoker.java:719)
at org.testng.internal.Invoker.invokeTestMethods(Invoker.java:989)
at org.testng.internal.TestMethodWorker.invokeTestMethods(TestMethodWorker.java:125)
at org.testng.internal.TestMethodWorker.run(TestMethodWorker.java:109)
at org.testng.TestRunner.privateRun(TestRunner.java:648)
at org.testng.TestRunner.run(TestRunner.java:505)
at org.testng.SuiteRunner.runTest(SuiteRunner.java:455)
at org.testng.SuiteRunner.runSequentially(SuiteRunner.java:450)
at org.testng.SuiteRunner.privateRun(SuiteRunner.java:415)
at org.testng.SuiteRunner.run(SuiteRunner.java:364)
at org.testng.SuiteRunnerWorker.runSuite(SuiteRunnerWorker.java:52)
at org.testng.SuiteRunnerWorker.run(SuiteRunnerWorker.java:84)
at org.testng.TestNG.runSuitesSequentially(TestNG.java:1208)
at org.testng.TestNG.runSuitesLocally(TestNG.java:1137)
at org.testng.TestNG.runSuites(TestNG.java:1049)
at org.testng.TestNG.run(TestNG.java:1017)
at org.apache.maven.surefire.testng.TestNGExecutor.run(TestNGExecutor.java:295)
at org.apache.maven.surefire.testng.TestNGXmlTestSuite.execute(TestNGXmlTestSuite.java:84)
at org.apache.maven.surefire.testng.TestNGProvider.invoke(TestNGProvider.java:90)
at org.apache.maven.surefire.booter.ForkedBooter.invokeProviderInSameClassLoader(ForkedBooter.java:203)
at org.apache.maven.surefire.booter.ForkedBooter.runSuitesInProcess(ForkedBooter.java:155)
at org.apache.maven.surefire.booter.ForkedBooter.main(ForkedBooter.java:103)
]]>
            </full-stacktrace>
          </exception> <!-- org.testng.SkipException -->
          <reporter-output>
          </reporter-output>
        </test-method> <!-- carNameAndPrice -->
        <test-method is-config="true" signature="tearDown()[pri:0, instance:testcases.CarNameAndPriceTest@36b0fcd5]" started-at="2023-09-14T12:33:34Z" name="tearDown" finished-at="2023-09-14T12:33:34Z" duration-ms="0" status="PASS">
          <reporter-output>
          </reporter-output>
        </test-method> <!-- tearDown -->
        <test-method is-config="true" signature="tearDown()[pri:0, instance:testcases.CarNameAndPriceTest@36b0fcd5]" started-at="2023-09-14T12:33:34Z" name="tearDown" finished-at="2023-09-14T12:33:34Z" duration-ms="0" status="PASS">
          <reporter-output>
          </reporter-output>
        </test-method> <!-- tearDown -->
      </class> <!-- testcases.CarNameAndPriceTest -->
    </test> <!-- Car Name and Price Test -->
  </suite> <!-- TestNG Framework -->
</testng-results>
