<?xml version="1.0" encoding="UTF-8"?>
<testsuite name="TestSuite" time="17.549" tests="8" errors="0" skipped="4" failures="1">
  <properties>
[...]
</properties>
  <testcase name="findNewCarTest" classname="testcases.FindNewCarsTest" time="17.549"/>
  <testcase name="findNewCarTest" classname="testcases.FindNewCarsTest" time="12.976">
    <failure message="The following asserts failed:&#10;	Title is not Matching expected [Ho Cars] but found [Honda Cars]" type="java.lang.AssertionError">java.lang.AssertionError: The following asserts failed:
	Title is not Matching expected [Ho Cars] but found [Honda Cars]
	at org.testng.asserts.SoftAssert.assertAll(SoftAssert.java:43)
	at testcases.FindNewCarsTest.findNewCarTest(FindNewCarsTest.java:61)
</failure>
    <system-out><![CDATA[Actual : Honda Cars ---- Expected : Ho Cars
]]></system-out>
  </testcase>
  <testcase name="findNewCarTest" classname="testcases.FindNewCarsTest" time="12.309"/>
  <testcase name="findNewCarTest" classname="testcases.FindNewCarsTest" time="12.997"/>
  <testcase name="carNameAndPrice" classname="testcases.CarNameAndPriceTest" time="0">
    <skipped/>
  </testcase>
  <testcase name="carNameAndPrice" classname="testcases.CarNameAndPriceTest" time="0">
    <skipped/>
  </testcase>
  <testcase name="carNameAndPrice" classname="testcases.CarNameAndPriceTest" time="0">
    <skipped/>
  </testcase>
  <testcase name="carNameAndPrice" classname="testcases.CarNameAndPriceTest" time="0">
    <skipped/>
  </testcase>
</testsuite>