<?xml version="1.0" encoding="UTF-8"?>
<testsuite name="TestSuite" time="10.079" tests="8" errors="0" skipped="4" failures="0">
  <properties>
[...]
</properties>
  <testcase name="findNewCarTest" classname="testcases.FindNewCarsTest" time="10.079"/>
  <testcase name="findNewCarTest" classname="testcases.FindNewCarsTest" time="6.019"/>
  <testcase name="findNewCarTest" classname="testcases.FindNewCarsTest" time="6.78"/>
  <testcase name="findNewCarTest" classname="testcases.FindNewCarsTest" time="5.984"/>
  <testcase name="carNameAndPrice" classname="testcases.CarNameAndPriceTest" time="0">
    <skipped/>
  </testcase>
  <testcase name="carNameAndPrice" classname="testcases.CarNameAndPriceTest" time="0">
    <skipped/>
  </testcase>
  <testcase name="carNameAndPrice" classname="testcases.CarNameAndPriceTest" time="0">
    <skipped/>
  </testcase>
  <testcase name="carNameAndPrice" classname="testcases.CarNameAndPriceTest" time="0">
    <skipped/>
  </testcase>
</testsuite>